0 info it worked if it ends with ok
1 verbose cli [ '/usr/local/bin/node', '/usr/local/bin/npm', 'run', 'lint' ]
2 info using npm@1.4.21
3 info using node@v0.10.30
4 verbose run-script [ 'prelint', 'lint', 'postlint' ]
5 info prelint atlasV@0.0.1
6 info lint atlasV@0.0.1
7 verbose unsafe-perm in lifecycle true
8 info atlasV@0.0.1 Failed to exec lint script
9 error atlasV@0.0.1 lint: `node node_modules/jshint/bin/jshint .`
9 error Exit status 2
10 error Failed at the atlasV@0.0.1 lint script.
10 error This is most likely a problem with the atlasV package,
10 error not with npm itself.
10 error Tell the author that this fails on your system:
10 error     node node_modules/jshint/bin/jshint .
10 error You can get their info via:
10 error     npm owner ls atlasV
10 error There is likely additional logging output above.
11 error System Darwin 13.2.0
12 error command "/usr/local/bin/node" "/usr/local/bin/npm" "run" "lint"
13 error cwd /Library/WebServer/Documents/atlasV
14 error node -v v0.10.30
15 error npm -v 1.4.21
16 error code ELIFECYCLE
17 verbose exit [ 1, true ]
